
24-09-05 20:55:11 [-] [2024-09-05(20:55)]: |GSilverhand connected|n
24-09-05 21:25:07 [-] [2024-09-05(21:25)]: |GSilverhand connected|n
24-09-05 21:26:53 [-] [2024-09-05(21:26)]: |GSilverhand connected|n
24-09-10 05:02:53 [-] [2024-09-10(05:02)]: |GSilverhand connected|n
24-09-10 17:33:07 [-] [2024-09-10(17:33)]: |RSilverhand disconnected (quit)|n
24-09-10 22:05:21 [-] [2024-09-10(22:05)]: |GSilverhand connected|n
24-09-10 22:05:46 [-] [2024-09-10(22:05)]: |RSilverhand disconnected (quit)|n
24-09-10 22:05:48 [-] [2024-09-10(22:05)]: |GSilverhand connected|n
24-09-10 23:30:03 [-] [2024-09-10(23:30)]: |GSilverhand connected|n
24-09-10 23:56:39 [-] [2024-09-10(23:56)]: |RSilverhand disconnected (quit)|n
24-09-14 04:26:42 [-] [2024-09-14(04:26)]: |GSilverhand connected|n
24-09-14 04:27:06 [-] [2024-09-14(04:27)]: |GKerry connected|n
24-09-16 01:08:39 [-] [2024-09-16(01:08)]: |GSilverhand connected|n
24-09-16 01:14:25 [-] [2024-09-16(01:14)]: |RSilverhand disconnected (quit)|n
24-09-16 01:14:51 [-] [2024-09-16(01:14)]: |GSilverhand connected|n
24-09-16 01:16:55 [-] [2024-09-16(01:16)]: |GSilverhand connected|n
24-09-16 01:19:57 [-] [2024-09-16(01:19)]: |GSilverhand connected|n
24-09-16 01:24:40 [-] [2024-09-16(01:24)]: |GSilverhand connected|n
24-09-16 01:29:12 [-] [2024-09-16(01:29)]: |GSilverhand connected|n
24-09-16 01:31:11 [-] [2024-09-16(01:31)]: |GSilverhand connected|n
24-09-16 01:33:16 [-] [2024-09-16(01:33)]: |GSilverhand connected|n
24-09-16 01:36:11 [-] [2024-09-16(01:36)]: |GSilverhand connected|n
24-09-16 01:42:20 [-] [2024-09-16(01:42)]: |GSilverhand connected|n
24-09-16 01:45:33 [-] [2024-09-16(01:45)]: |GSilverhand connected|n
24-09-16 01:47:26 [-] [2024-09-16(01:47)]: |GSilverhand connected|n
24-09-16 03:58:35 [-] [2024-09-16(03:58)]: |GSilverhand connected|n
24-09-16 04:02:51 [-] [2024-09-16(04:02)]: |GSilverhand connected|n
24-09-16 04:07:22 [-] [2024-09-16(04:07)]: |GSilverhand connected|n
24-09-16 04:15:52 [-] [2024-09-16(04:15)]: |GSilverhand connected|n
24-09-16 04:25:54 [-] [2024-09-16(04:25)]: |GSilverhand connected|n
24-09-16 04:36:48 [-] [2024-09-16(04:36)]: |GSilverhand connected|n
24-09-16 04:56:42 [-] [2024-09-16(04:56)]: |GSilverhand connected|n
24-09-16 05:01:49 [-] [2024-09-16(05:01)]: |GSilverhand connected|n
24-09-16 05:05:45 [-] [2024-09-16(05:05)]: |GSilverhand connected|n
24-09-16 05:11:58 [-] [2024-09-16(05:11)]: |GSilverhand connected|n
24-09-16 05:15:29 [-] [2024-09-16(05:15)]: |GSilverhand connected|n
24-09-16 05:20:11 [-] [2024-09-16(05:20)]: |GSilverhand connected|n
24-09-16 05:23:32 [-] [2024-09-16(05:23)]: |GSilverhand connected|n
24-09-16 05:28:24 [-] [2024-09-16(05:28)]: |GSilverhand connected|n
24-09-16 05:32:30 [-] [2024-09-16(05:32)]: |GSilverhand connected|n
24-09-16 05:33:06 [-] [2024-09-16(05:33)]: |RSilverhand disconnected (quit)|n
24-09-16 06:35:43 [-] [2024-09-16(06:35)]: |GSilverhand connected|n
24-09-16 15:40:05 [-] [2024-09-16(15:40)]: |GKerry connected|n
24-09-16 15:41:27 [-] [2024-09-16(15:41)]: |GDenny connected|n
24-09-16 16:51:14 [-] [2024-09-16(16:51)]: |GHenry connected|n
24-09-16 20:24:22 [-] [2024-09-16(20:24)]: |GSilverhand connected|n
24-09-16 22:37:06 [-] [2024-09-16(22:37)]: |GKerry connected|n
24-09-17 05:14:44 [-] [2024-09-17(05:14)]: |GDenny connected|n
24-09-17 22:33:33 [-] [2024-09-17(22:33)]: |RSilverhand disconnected (quit)|n
24-09-17 22:33:35 [-] [2024-09-17(22:33)]: |RKerry disconnected (quit)|n
24-09-17 22:33:37 [-] [2024-09-17(22:33)]: |RDenny disconnected (quit)|n
24-09-17 22:34:15 [-] [2024-09-17(22:34)]: |GSilverhand connected|n
24-09-17 22:36:42 [-] [2024-09-17(22:36)]: |GDenny connected|n
24-09-17 23:25:34 [-] [2024-09-17(23:25)]: |RSilverhand disconnected (quit)|n
24-09-17 23:25:37 [-] [2024-09-17(23:25)]: |RDenny disconnected (quit)|n
24-09-17 23:28:06 [-] [2024-09-17(23:28)]: |GSilverhand connected|n
24-09-17 23:28:32 [-] [2024-09-17(23:28)]: |GDenny connected|n
24-09-17 23:30:55 [-] [2024-09-17(23:30)]: |RDenny disconnected (quit)|n
24-09-17 23:51:05 [-] [2024-09-17(23:51)]: |GDenny connected|n
24-09-17 23:53:42 [-] [2024-09-17(23:53)]: |RDenny disconnected (quit)|n
24-09-17 23:53:43 [-] [2024-09-17(23:53)]: |GDenny connected|n
24-09-18 04:03:20 [-] [2024-09-18(04:03)]: |GHenry connected|n
24-09-18 05:51:32 [-] [2024-09-18(05:51)]: |GAlt connected|n
24-09-18 16:59:07 [-] [2024-09-18(16:59)]: |RDenny disconnected (quit)|n
24-09-18 16:59:16 [-] [2024-09-18(16:59)]: |RHenry disconnected (quit)|n
24-09-18 17:25:46 [-] [2024-09-18(17:25)]: |RSilverhand disconnected ()|n
24-09-18 17:25:48 [-] [2024-09-18(17:25)]: |GSilverhand connected|n
24-09-18 21:33:30 [-] [2024-09-18(21:33)]: |GSilverhand connected|n
24-09-18 21:43:24 [-] [2024-09-18(21:43)]: |GSilverhand connected|n
24-09-18 23:12:07 [-] [2024-09-18(23:12)]: |RSilverhand disconnected ()|n
24-09-18 23:12:09 [-] [2024-09-18(23:12)]: |GAlt connected|n
24-09-18 23:17:02 [-] [2024-09-18(23:17)]: |GSilverhand connected|n
24-09-18 23:29:40 [-] [2024-09-18(23:29)]: |GNewAdmin connected|n
24-09-18 23:33:02 [-] [2024-09-18(23:33)]: |GAlt connected|n
24-09-18 23:33:09 [-] [2024-09-18(23:33)]: |RAlt disconnected (quit)|n
24-09-18 23:36:29 [-] [2024-09-18(23:36)]: |GSilverhand connected|n
24-09-18 23:36:43 [-] [2024-09-18(23:36)]: |GNewAdmin connected|n
24-09-18 23:49:27 [-] [2024-09-18(23:49)]: |RNewAdmin disconnected (quit)|n
24-09-19 02:42:44 [-] [2024-09-19(02:42)]: |GJohn connected|n
24-09-19 02:47:23 [-] [2024-09-19(02:47)]: |RJohn disconnected (quit)|n
24-09-19 02:48:35 [-] [2024-09-19(02:48)]: |GRyan connected|n
24-09-19 02:50:23 [-] [2024-09-19(02:50)]: |RRyan disconnected (quit)|n
24-09-19 02:52:59 [-] [2024-09-19(02:52)]: |GRyan connected|n
24-09-19 05:48:27 [-] [2024-09-19(05:48)]: |GSilverhand connected|n
24-09-19 06:17:57 [-] [2024-09-19(06:17)]: |GSilverhand connected|n
24-09-19 06:24:12 [-] [2024-09-19(06:24)]: |GRyan connected|n
24-09-19 15:50:44 [-] [2024-09-19(15:50)]: |GSilverhand connected|n
24-09-19 16:23:01 [-] [2024-09-19(16:23)]: |GRyan connected|n
24-09-19 16:50:30 [-] [2024-09-19(16:50)]: |GRyan connected|n
24-09-19 16:50:34 [-] [2024-09-19(16:50)]: |GSilverhand connected|n
24-09-19 22:32:31 [-] [2024-09-19(22:32)]: |GNewAdmin connected|n
24-09-20 00:43:27 [-] [2024-09-20(00:43)]: |RNewAdmin disconnected (quit)|n
24-09-20 00:44:11 [-] [2024-09-20(00:44)]: |GNewAdmin connected|n
24-09-20 00:44:32 [-] [2024-09-20(00:44)]: |RNewAdmin disconnected (quit)|n
24-09-20 02:53:20 [-] [2024-09-20(02:53)]: |RSilverhand disconnected ()|n
24-09-20 02:54:42 [-] [2024-09-20(02:54)]: |RRyan disconnected ()|n
24-09-20 04:37:59 [-] [2024-09-20(04:37)]: |GSilverhand connected|n
24-09-20 04:38:07 [-] [2024-09-20(04:38)]: |GRyan connected|n
24-09-20 04:39:06 [-] [2024-09-20(04:39)]: |GSilverhand connected|n
24-09-20 04:39:07 [-] [2024-09-20(04:39)]: |GRyan connected|n
24-09-20 20:06:12 [-] [2024-09-20(20:06)]: |RRyan disconnected (quit)|n
24-09-20 20:06:14 [-] [2024-09-20(20:06)]: |RSilverhand disconnected (quit)|n
24-09-20 20:25:26 [-] [2024-09-20(20:25)]: |GSilverhand connected|n
24-09-20 20:25:27 [-] [2024-09-20(20:25)]: |GRyan connected|n
24-09-20 21:26:31 [-] [2024-09-20(21:26)]: |RSilverhand disconnected ()|n
24-09-20 21:26:31 [-] [2024-09-20(21:26)]: |RRyan disconnected ()|n
24-09-20 23:17:26 [-] [2024-09-20(23:17)]: |GSilverhand connected|n
24-09-20 23:17:27 [-] [2024-09-20(23:17)]: |GRyan connected|n
24-09-21 17:00:11 [-] [2024-09-21(17:00)]: |GSilverhand connected|n
24-09-21 17:00:14 [-] [2024-09-21(17:00)]: |GRyan connected|n
24-09-21 17:03:58 [-] [2024-09-21(17:03)]: |GSilverhand connected|n
24-09-21 17:04:00 [-] [2024-09-21(17:04)]: |GRyan connected|n
24-09-22 07:04:05 [-] [2024-09-22(07:04)]: |GSilverhand connected|n
24-09-22 07:04:06 [-] [2024-09-22(07:04)]: |GRyan connected|n
24-09-22 20:51:30 [-] [2024-09-22(20:51)]: |GSilverhand connected|n
24-09-22 20:51:35 [-] [2024-09-22(20:51)]: |GRyan connected|n
24-09-22 21:36:31 [-] [2024-09-22(21:36)]: |GDenny connected|n
24-09-23 03:56:54 [-] [2024-09-23(03:56)]: |GSilverhand connected|n
24-09-23 04:36:50 [-] [2024-09-23(04:36)]: |GSilverhand connected|n
24-09-23 04:36:51 [-] [2024-09-23(04:36)]: |GRyan connected|n
24-09-23 04:36:51 [-] [2024-09-23(04:36)]: |GDenny connected|n
24-09-23 06:39:45 [-] [2024-09-23(06:39)]: |GSilverhand connected|n
24-09-23 06:41:04 [-] [2024-09-23(06:41)]: |RSilverhand disconnected ()|n
24-09-23 06:42:47 [-] [2024-09-23(06:42)]: |GSilverhand connected|n
24-09-23 06:42:52 [-] [2024-09-23(06:42)]: |GDenny connected|n
24-09-23 06:48:26 [-] [2024-09-23(06:48)]: |RSilverhand disconnected ()|n
24-09-23 06:48:26 [-] [2024-09-23(06:48)]: |RDenny disconnected ()|n
24-09-23 06:48:45 [-] [2024-09-23(06:48)]: |GDenny connected|n
24-09-23 06:54:59 [-] [2024-09-23(06:54)]: |RDenny disconnected ()|n
24-09-23 06:55:11 [-] [2024-09-23(06:55)]: |GDenny connected|n
24-09-23 09:03:52 [-] [2024-09-23(09:03)]: |RDenny disconnected ()|n
24-09-23 16:51:26 [-] [2024-09-23(16:51)]: |GDenny connected|n
24-09-23 16:52:42 [-] [2024-09-23(16:52)]: |RDenny disconnected ()|n
24-09-23 16:52:53 [-] [2024-09-23(16:52)]: |GDenny connected|n
24-09-23 16:57:34 [-] [2024-09-23(16:57)]: |RDenny disconnected ()|n
24-09-23 16:57:44 [-] [2024-09-23(16:57)]: |GDenny connected|n
24-09-23 17:01:13 [-] [2024-09-23(17:01)]: |RDenny disconnected ()|n
24-09-23 17:01:20 [-] [2024-09-23(17:01)]: |GDenny connected|n
24-09-23 17:06:07 [-] [2024-09-23(17:06)]: |RDenny disconnected ()|n
24-09-23 17:06:23 [-] [2024-09-23(17:06)]: |GDenny connected|n
24-09-23 17:10:39 [-] [2024-09-23(17:10)]: |RDenny disconnected ()|n
24-09-23 17:10:52 [-] [2024-09-23(17:10)]: |GDenny connected|n
24-09-23 17:11:18 [-] [2024-09-23(17:11)]: |RDenny disconnected ()|n
24-09-23 17:11:43 [-] [2024-09-23(17:11)]: |GDenny connected|n
24-09-23 17:13:36 [-] [2024-09-23(17:13)]: |RDenny disconnected ()|n
24-09-23 17:14:51 [-] [2024-09-23(17:14)]: |GDenny connected|n
24-09-23 17:15:24 [-] [2024-09-23(17:15)]: |RDenny disconnected ()|n
24-09-23 17:15:52 [-] [2024-09-23(17:15)]: |GDenny connected|n
24-09-23 17:24:59 [-] [2024-09-23(17:24)]: |RDenny disconnected ()|n
24-09-23 17:25:08 [-] [2024-09-23(17:25)]: |GDenny connected|n
24-09-23 17:27:33 [-] [2024-09-23(17:27)]: |RDenny disconnected ()|n
24-09-23 17:27:47 [-] [2024-09-23(17:27)]: |GDenny connected|n
24-09-23 17:32:05 [-] [2024-09-23(17:32)]: |RDenny disconnected ()|n
24-09-23 17:32:15 [-] [2024-09-23(17:32)]: |GDenny connected|n
24-09-23 17:36:15 [-] [2024-09-23(17:36)]: |RDenny disconnected ()|n
24-09-23 17:36:26 [-] [2024-09-23(17:36)]: |GDenny connected|n
24-09-23 17:37:38 [-] [2024-09-23(17:37)]: |RDenny disconnected ()|n
24-09-23 17:37:45 [-] [2024-09-23(17:37)]: |GSilverhand connected|n
24-09-23 17:37:47 [-] [2024-09-23(17:37)]: |GDenny connected|n
24-09-23 19:20:27 [-] [2024-09-23(19:20)]: |RSilverhand disconnected ()|n
24-09-23 19:20:27 [-] [2024-09-23(19:20)]: |RDenny disconnected ()|n
24-09-23 19:20:36 [-] [2024-09-23(19:20)]: |GSilverhand connected|n
24-09-23 19:20:37 [-] [2024-09-23(19:20)]: |GDenny connected|n
24-09-23 19:34:26 [-] [2024-09-23(19:34)]: |RSilverhand disconnected ()|n
24-09-23 19:34:26 [-] [2024-09-23(19:34)]: |RDenny disconnected ()|n
24-09-23 19:34:41 [-] [2024-09-23(19:34)]: |GDenny connected|n
24-09-23 19:39:36 [-] [2024-09-23(19:39)]: |RDenny disconnected ()|n
24-09-23 19:40:04 [-] [2024-09-23(19:40)]: |GDenny connected|n
24-09-23 19:45:33 [-] [2024-09-23(19:45)]: |RDenny disconnected ()|n
24-09-23 19:45:39 [-] [2024-09-23(19:45)]: |GDenny connected|n
24-09-23 19:47:19 [-] [2024-09-23(19:47)]: |RDenny disconnected ()|n
24-09-23 19:47:27 [-] [2024-09-23(19:47)]: |GDenny connected|n
24-09-23 19:54:44 [-] [2024-09-23(19:54)]: |RDenny disconnected ()|n
24-09-23 19:54:59 [-] [2024-09-23(19:54)]: |GDenny connected|n
24-09-23 19:58:35 [-] [2024-09-23(19:58)]: |RDenny disconnected (quit)|n
24-09-23 20:00:24 [-] [2024-09-23(20:00)]: |GDenny connected|n
24-09-23 20:02:55 [-] [2024-09-23(20:02)]: |RDenny disconnected ()|n
24-09-23 20:03:09 [-] [2024-09-23(20:03)]: |GDenny connected|n
24-09-23 20:04:26 [-] [2024-09-23(20:04)]: |RDenny disconnected ()|n
24-09-23 20:04:34 [-] [2024-09-23(20:04)]: |GDenny connected|n
24-09-23 20:14:27 [-] [2024-09-23(20:14)]: |RDenny disconnected ()|n
24-09-23 20:14:34 [-] [2024-09-23(20:14)]: |GDenny connected|n
24-09-23 20:18:36 [-] [2024-09-23(20:18)]: |RDenny disconnected ()|n
24-09-23 20:18:44 [-] [2024-09-23(20:18)]: |GDenny connected|n
24-09-23 20:25:36 [-] [2024-09-23(20:25)]: |RDenny disconnected ()|n
24-09-23 20:35:49 [-] [2024-09-23(20:35)]: |GDenny connected|n
24-09-23 20:41:13 [-] [2024-09-23(20:41)]: |RDenny disconnected ()|n
24-09-23 20:41:41 [-] [2024-09-23(20:41)]: |GDenny connected|n
24-09-23 20:43:48 [-] [2024-09-23(20:43)]: |RDenny disconnected ()|n
24-09-23 20:45:18 [-] [2024-09-23(20:45)]: |GDenny connected|n
24-09-23 20:51:41 [-] [2024-09-23(20:51)]: |RDenny disconnected ()|n
24-09-23 20:53:19 [-] [2024-09-23(20:53)]: |GDenny connected|n
24-09-23 20:54:56 [-] [2024-09-23(20:54)]: |RDenny disconnected ()|n
24-09-23 20:55:05 [-] [2024-09-23(20:55)]: |GDenny connected|n
24-09-23 21:02:15 [-] [2024-09-23(21:02)]: |RDenny disconnected ()|n
24-09-23 21:02:26 [-] [2024-09-23(21:02)]: |GDenny connected|n
24-09-23 21:03:31 [-] [2024-09-23(21:03)]: |RDenny disconnected ()|n
24-09-23 21:03:41 [-] [2024-09-23(21:03)]: |GDenny connected|n
24-09-23 21:08:37 [-] [2024-09-23(21:08)]: |RDenny disconnected ()|n
24-09-23 21:08:47 [-] [2024-09-23(21:08)]: |GDenny connected|n
24-09-23 21:13:31 [-] [2024-09-23(21:13)]: |RDenny disconnected ()|n
24-09-23 21:13:48 [-] [2024-09-23(21:13)]: |GDenny connected|n
24-09-23 21:15:44 [-] [2024-09-23(21:15)]: |RDenny disconnected ()|n
24-09-23 21:15:52 [-] [2024-09-23(21:15)]: |GDenny connected|n
24-09-23 21:18:15 [-] [2024-09-23(21:18)]: |RDenny disconnected ()|n
24-09-23 21:18:23 [-] [2024-09-23(21:18)]: |GDenny connected|n
24-09-23 21:22:16 [-] [2024-09-23(21:22)]: |RDenny disconnected ()|n
24-09-23 21:22:30 [-] [2024-09-23(21:22)]: |GDenny connected|n
24-09-23 21:25:16 [-] [2024-09-23(21:25)]: |RDenny disconnected ()|n
24-09-23 21:25:30 [-] [2024-09-23(21:25)]: |GDenny connected|n
24-09-23 21:25:45 [-] [2024-09-23(21:25)]: |RDenny disconnected ()|n
24-09-23 21:25:52 [-] [2024-09-23(21:25)]: |GDenny connected|n
24-09-24 01:52:08 [-] [2024-09-24(01:52)]: |RDenny disconnected ()|n
24-09-24 01:52:15 [-] [2024-09-24(01:52)]: |GDenny connected|n
24-09-24 01:55:58 [-] [2024-09-24(01:55)]: |RDenny disconnected ()|n
24-09-24 01:56:23 [-] [2024-09-24(01:56)]: |GDenny connected|n
24-09-24 02:06:33 [-] [2024-09-24(02:06)]: |RDenny disconnected ()|n
24-09-24 02:06:43 [-] [2024-09-24(02:06)]: |GDenny connected|n
24-09-24 02:07:14 [-] [2024-09-24(02:07)]: |RDenny disconnected ()|n
24-09-24 02:07:25 [-] [2024-09-24(02:07)]: |GDenny connected|n
24-09-24 02:07:44 [-] [2024-09-24(02:07)]: |GRyan connected|n
24-09-24 02:12:13 [-] [2024-09-24(02:12)]: |RDenny disconnected ()|n
24-09-24 02:12:13 [-] [2024-09-24(02:12)]: |RRyan disconnected ()|n
24-09-24 02:12:30 [-] [2024-09-24(02:12)]: |GDenny connected|n
24-09-24 02:13:23 [-] [2024-09-24(02:13)]: |RDenny disconnected ()|n
24-09-24 02:13:44 [-] [2024-09-24(02:13)]: |GDenny connected|n
24-09-24 03:48:13 [-] [2024-09-24(03:48)]: |RDenny disconnected ()|n
24-09-24 03:48:30 [-] [2024-09-24(03:48)]: |GDenny connected|n
24-09-24 03:51:20 [-] [2024-09-24(03:51)]: |RDenny disconnected ()|n
24-09-24 03:51:44 [-] [2024-09-24(03:51)]: |GDenny connected|n
24-09-24 04:38:31 [-] [2024-09-24(04:38)]: |RDenny disconnected ()|n
24-09-24 04:38:38 [-] [2024-09-24(04:38)]: |GDenny connected|n
24-09-24 04:39:46 [-] [2024-09-24(04:39)]: |RDenny disconnected ()|n
24-09-24 04:39:53 [-] [2024-09-24(04:39)]: |GDenny connected|n
24-09-24 04:42:16 [-] [2024-09-24(04:42)]: |RDenny disconnected ()|n
24-09-24 04:42:24 [-] [2024-09-24(04:42)]: |GDenny connected|n
24-09-24 04:44:14 [-] [2024-09-24(04:44)]: |RDenny disconnected ()|n
24-09-24 04:45:36 [-] [2024-09-24(04:45)]: |GDenny connected|n
24-09-24 04:47:13 [-] [2024-09-24(04:47)]: |RDenny disconnected ()|n
24-09-24 04:47:22 [-] [2024-09-24(04:47)]: |GDenny connected|n
24-09-24 04:48:55 [-] [2024-09-24(04:48)]: |RDenny disconnected ()|n
24-09-24 04:49:10 [-] [2024-09-24(04:49)]: |GDenny connected|n
24-09-24 06:00:06 [-] [2024-09-24(06:00)]: |RDenny disconnected ()|n
24-09-24 15:16:16 [-] [2024-09-24(15:16)]: |GDenny connected|n
24-09-24 15:19:58 [-] [2024-09-24(15:19)]: |RDenny disconnected ()|n
24-09-24 15:20:53 [-] [2024-09-24(15:20)]: |GDenny connected|n
24-09-24 16:12:24 [-] [2024-09-24(16:12)]: |RDenny disconnected ()|n
24-09-24 16:12:48 [-] [2024-09-24(16:12)]: |GDenny connected|n
24-09-24 16:15:46 [-] [2024-09-24(16:15)]: |RDenny disconnected ()|n
24-09-24 16:16:26 [-] [2024-09-24(16:16)]: |GDenny connected|n
24-09-24 16:25:19 [-] [2024-09-24(16:25)]: |RDenny disconnected ()|n
24-09-24 16:29:20 [-] [2024-09-24(16:29)]: |GDenny connected|n
24-09-24 16:33:34 [-] [2024-09-24(16:33)]: |RDenny disconnected ()|n
24-09-24 16:33:57 [-] [2024-09-24(16:33)]: |GDenny connected|n
24-09-24 16:56:04 [-] [2024-09-24(16:56)]: |RDenny disconnected ()|n
24-09-24 16:56:19 [-] [2024-09-24(16:56)]: |GDenny connected|n
24-09-24 17:01:15 [-] [2024-09-24(17:01)]: |RDenny disconnected ()|n
24-09-24 17:02:15 [-] [2024-09-24(17:02)]: |GDenny connected|n
24-09-24 17:13:54 [-] [2024-09-24(17:13)]: |RDenny disconnected ()|n
24-09-24 17:14:05 [-] [2024-09-24(17:14)]: |GDenny connected|n
24-09-24 20:34:10 [-] [2024-09-24(20:34)]: |GSilverhand connected|n
24-09-24 22:49:16 [-] [2024-09-24(22:49)]: |RSilverhand disconnected (quit)|n
24-09-24 22:49:18 [-] [2024-09-24(22:49)]: |RDenny disconnected (quit)|n
24-09-25 00:50:20 [-] [2024-09-25(00:50)]: |GDenny connected|n
24-09-25 20:37:44 [-] [2024-09-25(20:37)]: |GSilverhand connected|n
24-09-26 23:54:13 [-] [2024-09-26(23:54)]: |RSilverhand disconnected (quit)|n
24-09-26 23:54:15 [-] [2024-09-26(23:54)]: |RDenny disconnected (quit)|n
24-09-27 03:57:47 [-] [2024-09-27(03:57)]: |GDenny connected|n
24-09-27 17:26:03 [-] [2024-09-27(17:26)]: |RDenny disconnected ()|n
24-09-27 19:04:27 [-] [2024-09-27(19:04)]: |GDenny connected|n
24-09-27 19:16:03 [-] [2024-09-27(19:16)]: |GSilverhand connected|n
24-09-27 19:30:22 [-] [2024-09-27(19:30)]: |GDenny connected|n
24-09-27 19:33:15 [-] [2024-09-27(19:33)]: |GSilverhand connected|n
24-09-27 19:36:01 [-] [2024-09-27(19:36)]: |GRyan connected|n
24-09-27 19:39:31 [-] [2024-09-27(19:39)]: |RRyan disconnected ()|n
24-09-27 19:40:25 [-] [2024-09-27(19:40)]: |GVincent connected|n
24-09-27 19:45:46 [-] [2024-09-27(19:45)]: |RVincent disconnected (quit)|n
24-09-27 19:46:10 [-] [2024-09-27(19:46)]: |GVincent connected|n
24-09-27 19:52:10 [-] [2024-09-27(19:52)]: |RVincent disconnected (quit)|n
24-09-27 19:52:17 [-] [2024-09-27(19:52)]: |GVincent connected|n
24-09-27 19:58:06 [-] [2024-09-27(19:58)]: |RVincent disconnected (quit)|n
24-09-27 19:58:08 [-] [2024-09-27(19:58)]: |GVincent connected|n
24-09-28 07:24:15 [-] [2024-09-28(07:24)]: |RSilverhand disconnected (quit)|n
24-09-28 07:24:19 [-] [2024-09-28(07:24)]: |GSilverhand connected|n
24-09-30 19:28:41 [-] [2024-09-30(19:28)]: |GRyan connected|n
24-10-01 22:48:26 [-] [2024-10-01(22:48)]: |GAlistair connected|n
24-10-01 22:55:43 [-] [2024-10-01(22:55)]: |RDenny disconnected (quit)|n
24-10-02 00:31:21 [-] [2024-10-02(00:31)]: |RVincent disconnected ()|n
24-10-02 00:31:21 [-] [2024-10-02(00:31)]: |RAlistair disconnected ()|n
24-10-02 00:31:25 [-] [2024-10-02(00:31)]: |RRyan disconnected ()|n
24-10-02 00:31:33 [-] [2024-10-02(00:31)]: |RSilverhand disconnected ()|n
24-10-02 07:29:53 [-] [2024-10-02(07:29)]: |GVincent connected|n
24-10-02 07:30:57 [-] [2024-10-02(07:30)]: |GAlistair connected|n
24-10-02 19:17:19 [-] [2024-10-02(19:17)]: |GRyan connected|n
24-10-02 19:17:54 [-] [2024-10-02(19:17)]: |GSilverhand connected|n
24-10-04 00:08:21 [-] [2024-10-04(00:08)]: |RSilverhand disconnected ()|n
24-10-04 00:08:23 [-] [2024-10-04(00:08)]: |RAlistair disconnected ()|n
24-10-04 00:08:23 [-] [2024-10-04(00:08)]: |RRyan disconnected ()|n
24-10-04 00:08:23 [-] [2024-10-04(00:08)]: |RVincent disconnected ()|n
24-10-04 19:24:52 [-] [2024-10-04(19:24)]: |GRyan connected|n
24-10-04 19:25:16 [-] [2024-10-04(19:25)]: |GSilverhand connected|n
24-10-04 19:27:33 [-] [2024-10-04(19:27)]: |GNicole connected|n
24-10-04 23:57:14 [-] [2024-10-04(23:57)]: |GSilverhand connected|n
24-10-04 23:57:22 [-] [2024-10-04(23:57)]: |GRyan connected|n
24-10-05 00:00:38 [-] [2024-10-05(00:00)]: |GSilverhand connected|n
24-10-07 18:07:56 [-] [2024-10-07(18:07)]: |RSilverhand disconnected (quit)|n
24-10-07 18:07:58 [-] [2024-10-07(18:07)]: |GSilverhand connected|n
24-10-07 20:10:22 [-] [2024-10-07(20:10)]: |GRyan connected|n
24-10-08 21:49:55 [-] [2024-10-08(21:49)]: |GSilverhand connected|n
24-10-08 21:52:13 [-] [2024-10-08(21:52)]: |GRyan connected|n
24-10-09 09:29:19 [-] [2024-10-09(09:29)]: |RSilverhand disconnected ()|n
24-10-09 09:29:19 [-] [2024-10-09(09:29)]: |RRyan disconnected ()|n
24-10-13 05:37:06 [-] [2024-10-13(05:37)]: |GSilverhand connected|n