|Portal| 2024-10-01 06:34:09 [..] Portal starting server ... 
|Portal| 2024-10-01 06:40:57 [..] Portal starting server ... 
|Portal| 2024-10-01 06:45:07 [..] Portal starting server ... 
|Portal| 2024-10-01 06:46:06 [..] Portal starting server ... 
|Portal| 2024-10-01 06:48:04 [..] Portal starting server ... 
|Portal| 2024-10-01 06:49:55 [..] Portal starting server ... 
|Portal| 2024-10-01 06:54:01 [..] Portal starting server ... 
|Portal| 2024-10-01 06:56:04 [..] Portal starting server ... 
|Portal| 2024-10-01 06:58:52 [..] Portal starting server ... 
|Portal| 2024-10-01 07:07:38 [..] Portal starting server ... 
|Portal| 2024-10-01 07:08:35 [..] Portal starting server ... 
|Portal| 2024-10-01 07:10:21 [..] Portal starting server ... 
|Portal| 2024-10-01 07:12:49 [..] Portal starting server ... 
|Portal| 2024-10-01 07:17:50 [..] Portal starting server ... 
|Portal| 2024-10-01 07:27:10 [..] Portal starting server ... 
|Portal| 2024-10-01 11:10:04 [EE] Malformed telnet input: ('Stumped', b'\x01')
|Portal| 2024-10-01 20:20:26 [..] Portal starting server ... 
|Portal| 2024-10-01 20:28:38 [..] Portal starting server ... 
|Portal| 2024-10-01 20:39:35 [WW] dropping connection to peer tcp4:80.66.83.48:48136 with abort=True: WebSocket opening handshake timeout (peer did not finish the opening handshake in time)
|Portal| 2024-10-01 20:39:40 [WW] dropping connection to peer tcp4:80.66.83.48:36222 with abort=True: WebSocket opening handshake timeout (peer did not finish the opening handshake in time)
|Portal| 2024-10-01 20:39:40 [..] failing WebSocket opening handshake ('HTTP method 'CONNECT' not allowed')
|Portal| 2024-10-01 20:39:40 [WW] dropping connection to peer tcp4:80.66.83.48:53736 with abort=False: HTTP method 'CONNECT' not allowed
|Portal| 2024-10-01 20:47:10 [..] Portal starting server ... 
|Portal| 2024-10-01 20:50:25 [..] Portal starting server ... 
|Portal| 2024-10-01 20:51:17 [..] Portal starting server ... 
|Portal| 2024-10-01 20:55:31 [..] Portal starting server ... 
|Portal| 2024-10-01 20:56:55 [..] Portal starting server ... 
|Portal| 2024-10-01 20:59:13 [..] Portal starting server ... 
|Portal| 2024-10-01 21:03:25 [..] Portal starting server ... 
|Portal| 2024-10-01 21:04:40 [..] Portal starting server ... 
|Portal| 2024-10-01 21:05:04 [..] Portal starting server ... 
|Portal| 2024-10-01 21:06:24 [..] Portal starting server ... 
|Portal| 2024-10-01 21:11:18 [..] Portal starting server ... 
|Portal| 2024-10-01 21:19:57 [..] Portal starting server ... 
|Portal| 2024-10-01 21:25:41 [..] Portal starting server ... 
|Portal| 2024-10-01 21:26:30 [..] Portal starting server ... 
|Portal| 2024-10-01 21:27:59 [..] Portal starting server ... 
|Portal| 2024-10-01 21:35:45 [..] Portal starting server ... 
|Portal| 2024-10-01 21:36:37 [..] Portal starting server ... 
|Portal| 2024-10-01 21:37:27 [..] Portal starting server ... 
|Portal| 2024-10-01 21:40:22 [..] Portal starting server ... 
|Portal| 2024-10-01 21:42:12 [..] Portal starting server ... 
|Portal| 2024-10-01 21:44:35 [..] Portal starting server ... 
|Portal| 2024-10-01 21:46:19 [..] Portal starting server ... 
|Portal| 2024-10-01 21:49:34 [..] Portal starting server ... 
|Portal| 2024-10-01 21:50:27 [..] Portal starting server ... 
|Portal| 2024-10-01 21:51:22 [..] Portal starting server ... 
|Portal| 2024-10-01 21:52:16 [..] Portal starting server ... 
|Portal| 2024-10-01 21:53:50 [..] Portal starting server ... 
|Portal| 2024-10-01 21:55:25 [..] Portal starting server ... 
|Portal| 2024-10-01 21:57:16 [..] Portal starting server ... 
|Portal| 2024-10-01 21:58:47 [..] Portal starting server ... 
|Portal| 2024-10-01 22:04:34 [..] Portal starting server ... 
|Portal| 2024-10-01 22:09:34 [..] Portal starting server ... 
|Portal| 2024-10-01 22:11:56 [..] Portal starting server ... 
|Portal| 2024-10-01 22:20:06 [..] Portal starting server ... 
|Portal| 2024-10-01 22:42:19 [..] Portal starting server ... 
|Portal| 2024-10-01 22:47:37 [..] Portal starting server ... 
|Portal| 2024-10-01 22:54:10 [..] Portal starting server ... 
|Portal| 2024-10-01 22:55:11 [..] Portal starting server ... 
|Portal| 2024-10-01 22:58:29 [..] Portal starting server ... 
|Portal| 2024-10-01 23:02:39 [..] Portal starting server ... 
|Portal| 2024-10-01 23:05:35 [WW] dropping connection to peer tcp4:80.66.83.48:44476 with abort=True: WebSocket opening handshake timeout (peer did not finish the opening handshake in time)
|Portal| 2024-10-01 23:05:40 [WW] dropping connection to peer tcp4:80.66.83.48:51254 with abort=True: WebSocket opening handshake timeout (peer did not finish the opening handshake in time)
|Portal| 2024-10-01 23:05:40 [..] failing WebSocket opening handshake ('HTTP method 'CONNECT' not allowed')
|Portal| 2024-10-01 23:05:40 [WW] dropping connection to peer tcp4:80.66.83.48:55440 with abort=False: HTTP method 'CONNECT' not allowed
|Portal| 2024-10-01 23:09:14 [..] Portal starting server ... 
|Portal| 2024-10-01 23:12:45 [..] Portal starting server ... 
|Portal| 2024-10-01 23:16:39 [..] Portal starting server ... 
|Portal| 2024-10-01 23:22:17 [..] Portal starting server ... 
|Portal| 2024-10-01 23:24:41 [..] Portal starting server ... 
|Portal| 2024-10-01 23:29:37 [..] Portal starting server ... 
|Portal| 2024-10-01 23:41:26 [..] Portal starting server ... 
|Portal| 2024-10-01 23:50:44 [..] Portal starting server ... 
|Portal| 2024-10-01 23:55:45 [..] Portal starting server ... 
|Portal| 2024-10-01 23:56:46 [..] Portal starting server ... 
|Portal| 2024-10-02 00:02:01 [..] Portal starting server ... 
|Portal| 2024-10-02 07:26:35 [..] Portal starting server ... 
|Portal| 2024-10-02 07:29:46 [..] Portal starting server ... 
|Portal| 2024-10-02 07:29:49 [EE] AMP Error from AdminPortal2Server: Traceback (most recent call last):
|Portal| 2024-10-02 07:29:49 [EE] --- <exception caught here> ---
|Portal| 2024-10-02 07:29:49 [EE]   File "/root/cyberpunk/env/lib/python3.12/site-packages/twisted/internet/defer.py", line 1075, in _runCallbacks
|Portal| 2024-10-02 07:29:49 [EE]     current.result = callback(  # type: ignore[misc]
|Portal| 2024-10-02 07:29:49 [EE]   File "/root/cyberpunk/env/lib/python3.12/site-packages/twisted/protocols/amp.py", line 1949, in _massageError
|Portal| 2024-10-02 07:29:49 [EE]     error.trap(RemoteAmpError)
|Portal| 2024-10-02 07:29:49 [EE]   File "/root/cyberpunk/env/lib/python3.12/site-packages/twisted/python/failure.py", line 481, in trap
|Portal| 2024-10-02 07:29:49 [EE]     self.raiseException()
|Portal| 2024-10-02 07:29:49 [EE]   File "/root/cyberpunk/env/lib/python3.12/site-packages/twisted/python/failure.py", line 505, in raiseException
|Portal| 2024-10-02 07:29:49 [EE]     raise self.value.with_traceback(self.tb)
|Portal| 2024-10-02 07:29:49 [EE] twisted.protocols.amp.UnhandledCommand: (b'UNHANDLED', "Unhandled Command: b'AdminPortal2Server'")
|Portal| 2024-10-02 07:29:49 [EE]  (b'UNHANDLED', "Unhandled Command: b'AdminPortal2Server'")
|Portal| 2024-10-02 07:29:49 [EE] AMP Error from AdminPortal2Server: Traceback (most recent call last):
|Portal| 2024-10-02 07:29:49 [EE] --- <exception caught here> ---
|Portal| 2024-10-02 07:29:49 [EE]   File "/root/cyberpunk/env/lib/python3.12/site-packages/twisted/internet/defer.py", line 1075, in _runCallbacks
|Portal| 2024-10-02 07:29:49 [EE]     current.result = callback(  # type: ignore[misc]
|Portal| 2024-10-02 07:29:49 [EE]   File "/root/cyberpunk/env/lib/python3.12/site-packages/twisted/protocols/amp.py", line 1949, in _massageError
|Portal| 2024-10-02 07:29:49 [EE]     error.trap(RemoteAmpError)
|Portal| 2024-10-02 07:29:49 [EE]   File "/root/cyberpunk/env/lib/python3.12/site-packages/twisted/python/failure.py", line 481, in trap
|Portal| 2024-10-02 07:29:49 [EE]     self.raiseException()
|Portal| 2024-10-02 07:29:49 [EE]   File "/root/cyberpunk/env/lib/python3.12/site-packages/twisted/python/failure.py", line 505, in raiseException
|Portal| 2024-10-02 07:29:49 [EE]     raise self.value.with_traceback(self.tb)
|Portal| 2024-10-02 07:29:49 [EE] twisted.protocols.amp.UnhandledCommand: (b'UNHANDLED', "Unhandled Command: b'AdminPortal2Server'")
|Portal| 2024-10-02 07:29:49 [EE]  (b'UNHANDLED', "Unhandled Command: b'AdminPortal2Server'")
|Portal| 2024-10-02 07:31:29 [..] Portal starting server ... 
|Portal| 2024-10-02 07:33:10 [..] Portal starting server ... 
|Portal| 2024-10-02 07:34:01 [..] Portal starting server ... 
|Portal| 2024-10-02 07:34:57 [..] Portal starting server ... 
|Portal| 2024-10-02 07:46:09 [..] Portal starting server ... 
|Portal| 2024-10-02 15:52:22 [..] Portal starting server ... 
|Portal| 2024-10-02 19:11:36 [..] Portal starting server ... 
|Portal| 2024-10-02 19:17:02 [..] Portal starting server ... 
|Portal| 2024-10-02 19:24:21 [..] Portal starting server ... 
|Portal| 2024-10-02 22:01:16 [..] Portal starting server ... 
|Portal| 2024-10-02 22:05:59 [..] Portal starting server ... 
|Portal| 2024-10-02 22:10:53 [..] Portal starting server ... 
|Portal| 2024-10-02 22:13:59 [..] Portal starting server ... 
|Portal| 2024-10-02 22:15:25 [..] Portal starting server ... 
|Portal| 2024-10-03 01:30:04 [..] Portal starting server ... 
|Portal| 2024-10-03 01:32:29 [..] Portal starting server ... 
|Portal| 2024-10-03 01:32:55 [..] Portal starting server ... 
|Portal| 2024-10-03 01:34:35 [..] Portal starting server ... 
|Portal| 2024-10-03 11:14:53 [EE] Malformed telnet input: ('Stumped', b'\x01')
|Portal| 2024-10-03 23:28:25 [..] Portal starting server ... 
|Portal| 2024-10-03 23:46:31 [EE] Malformed telnet input: ('Stumped', b'\x01')
|Portal| 2024-10-04 00:04:08 [..] Portal starting server ... 
|Portal| 2024-10-04 19:31:01 [..] Portal starting server ... 
|Portal| 2024-10-04 19:31:41 [..] Portal starting server ... 
|Portal| 2024-10-04 19:33:02 [..] Portal starting server ... 
|Portal| 2024-10-04 19:33:49 [..] Portal starting server ... 
|Portal| 2024-10-04 19:39:40 [..] Portal starting server ... 
|Portal| 2024-10-04 19:42:33 [..] Portal starting server ... 
|Portal| 2024-10-04 19:44:06 [..] Portal starting server ... 
|Portal| 2024-10-04 19:48:12 [..] Portal starting server ... 
|Portal| 2024-10-04 19:50:44 [..] Portal starting server ... 
|Portal| 2024-10-04 19:53:18 [..] Portal starting server ... 
|Portal| 2024-10-04 20:06:21 [..] Portal starting server ... 
|Portal| 2024-10-04 20:10:32 [..] Portal starting server ... 
|Portal| 2024-10-04 20:12:14 [..] Portal starting server ... 
|Portal| 2024-10-04 20:14:00 [..] Portal starting server ... 
|Portal| 2024-10-04 20:21:24 [..] Portal starting server ... 
|Portal| 2024-10-04 20:23:19 [..] Portal starting server ... 
|Portal| 2024-10-04 20:23:53 [..] Portal starting server ... 
|Portal| 2024-10-04 20:32:34 [..] Portal starting server ... 
|Portal| 2024-10-04 20:37:13 [..] Portal starting server ... 
|Portal| 2024-10-04 20:39:26 [..] Portal starting server ... 
|Portal| 2024-10-04 20:43:02 [..] Portal starting server ... 
|Portal| 2024-10-04 20:49:58 [..] Portal starting server ... 
|Portal| 2024-10-04 20:50:10 [..] Portal starting server ... 
|Portal| 2024-10-04 22:25:41 [EE] Malformed telnet input: ('Stumped', b'\x01')
|Portal| 2024-10-04 23:02:27 [..] Portal starting server ... 
|Portal| 2024-10-04 23:02:51 [..] Portal starting server ... 
|Portal| 2024-10-04 23:06:30 [..] Portal starting server ... 
|Portal| 2024-10-04 23:09:10 [..] Portal starting server ... 
|Portal| 2024-10-04 23:21:43 [..] Portal starting server ... 
|Portal| 2024-10-04 23:30:46 [..] Portal starting server ... 
|Portal| 2024-10-04 23:34:56 [..] Portal starting server ... 
|Portal| 2024-10-04 23:36:39 [..] Portal starting server ... 
|Portal| 2024-10-04 23:38:30 [..] Portal starting server ... 
|Portal| 2024-10-04 23:39:23 [..] Portal starting server ... 
|Portal| 2024-10-04 23:43:09 [..] Portal starting server ... 
|Portal| 2024-10-04 23:44:13 [..] Portal starting server ... 
|Portal| 2024-10-04 23:47:24 [..] Portal starting server ... 
|Portal| 2024-10-04 23:50:28 [..] Portal starting server ... 
|Portal| 2024-10-04 23:54:38 [..] Portal starting server ... 
|Portal| 2024-10-04 23:56:25 [..] Portal starting server ... 
|Portal| 2024-10-04 23:57:02 [..] (TCP Port 4001 Closed)
|Portal| 2024-10-04 23:57:02 [..] (TCP Port 4005 Closed)
|Portal| 2024-10-04 23:57:02 [..] (TCP Port 4000 Closed)
|Portal| 2024-10-04 23:57:02 [..] (TCP Port 4006 Closed)
|Portal| 2024-10-04 23:57:02 [..] Main loop terminated.
|Portal| 2024-10-04 23:57:02 [..] Server Shut Down.
|Portal| 2024-10-04 23:57:07 [..] Loaded.
|Portal| 2024-10-04 23:57:03 [..] Loading /root/cyberpunk/env/lib/python3.12/site-packages/evennia/server/portal/portal.py...
|Portal| 2024-10-04 23:57:07 [..] Loaded.
|Portal| 2024-10-04 23:57:07 [..] twistd 23.10.0 (/root/cyberpunk/env/bin/python3 3.12.3) starting up.
|Portal| 2024-10-04 23:57:07 [..] reactor class: twisted.internet.epollreactor.EPollReactor.
|Portal| 2024-10-04 23:57:07 [..] AMP starting on 4006
|Portal| 2024-10-04 23:57:07 [..] Telnet starting on 4000
|Portal| 2024-10-04 23:57:07 [..] Websocket starting on 4005
|Portal| 2024-10-04 23:57:07 [..] Webserver-proxy starting on 4001
|Portal| 2024-10-04 23:57:07 [..] Portal starting server ... 
|Portal| 2024-10-05 00:00:17 [..] (TCP Port 4001 Closed)
|Portal| 2024-10-05 00:00:17 [..] (TCP Port 4005 Closed)
|Portal| 2024-10-05 00:00:17 [..] (TCP Port 4000 Closed)
|Portal| 2024-10-05 00:00:17 [..] (TCP Port 4006 Closed)
|Portal| 2024-10-05 00:00:17 [..] Main loop terminated.
|Portal| 2024-10-05 00:00:17 [..] Server Shut Down.
|Portal| 2024-10-05 00:00:26 [..] Loaded.
|Portal| 2024-10-05 00:00:19 [..] Loading /root/cyberpunk/env/lib/python3.12/site-packages/evennia/server/portal/portal.py...
|Portal| 2024-10-05 00:00:26 [..] Loaded.
|Portal| 2024-10-05 00:00:26 [..] twistd 23.10.0 (/root/cyberpunk/env/bin/python3 3.12.3) starting up.
|Portal| 2024-10-05 00:00:26 [..] reactor class: twisted.internet.epollreactor.EPollReactor.
|Portal| 2024-10-05 00:00:26 [..] AMP starting on 4006
|Portal| 2024-10-05 00:00:26 [..] Telnet starting on 4000
|Portal| 2024-10-05 00:00:26 [..] Websocket starting on 4005
|Portal| 2024-10-05 00:00:26 [..] Webserver-proxy starting on 4001
|Portal| 2024-10-05 00:00:26 [..] Portal starting server ... 
|Portal| 2024-10-05 07:19:57 [..] Portal starting server ... 
|Portal| 2024-10-05 07:22:10 [..] Portal starting server ... 
|Portal| 2024-10-05 07:23:50 [..] Portal starting server ... 
|Portal| 2024-10-05 07:25:40 [..] Portal starting server ... 
|Portal| 2024-10-05 07:37:01 [..] Portal starting server ... 
|Portal| 2024-10-05 07:37:29 [..] Portal starting server ... 
|Portal| 2024-10-05 07:38:06 [..] Portal starting server ... 
|Portal| 2024-10-05 07:38:38 [..] Portal starting server ... 
|Portal| 2024-10-05 07:39:17 [..] Portal starting server ... 
|Portal| 2024-10-06 05:46:08 [WW] dropping connection to peer tcp4:87.236.176.98:40033 with abort=True: WebSocket opening handshake timeout (peer did not finish the opening handshake in time)
|Portal| 2024-10-06 05:46:23 [WW] dropping connection to peer tcp4:87.236.176.77:33993 with abort=False: None
|Portal| 2024-10-06 06:42:58 [EE] Malformed telnet input: ('Stumped', b'\x01')
|Portal| 2024-10-06 08:24:52 [EE] Malformed telnet input: ('Stumped', b'\x01')
|Portal| 2024-10-06 08:24:52 [EE] Malformed telnet input: ('Stumped', b'\x01')
|Portal| 2024-10-06 08:24:52 [EE] Malformed telnet input: ('Stumped', b'\x15')
|Portal| 2024-10-06 14:31:57 [EE] Malformed telnet input: ('Stumped', b'\x01')
|Portal| 2024-10-07 17:15:51 [..] Portal starting server ... 
|Portal| 2024-10-07 17:16:50 [..] Portal starting server ... 
|Portal| 2024-10-07 17:17:37 [..] Portal starting server ... 
|Portal| 2024-10-07 17:25:36 [..] Portal starting server ... 
|Portal| 2024-10-07 17:30:48 [..] Portal starting server ... 
|Portal| 2024-10-07 17:33:25 [..] Portal starting server ... 
|Portal| 2024-10-07 17:39:10 [..] Portal starting server ... 
|Portal| 2024-10-07 17:42:22 [..] Portal starting server ... 
|Portal| 2024-10-07 17:48:28 [..] Portal starting server ... 
|Portal| 2024-10-07 18:02:48 [..] Portal starting server ... 
|Portal| 2024-10-07 18:07:15 [..] Portal starting server ... 
|Portal| 2024-10-07 18:12:43 [..] Portal starting server ... 
|Portal| 2024-10-07 18:20:11 [..] Portal starting server ... 
|Portal| 2024-10-07 18:29:07 [..] Portal starting server ... 
|Portal| 2024-10-07 18:31:09 [..] Portal starting server ... 
|Portal| 2024-10-07 18:34:04 [..] Portal starting server ... 
|Portal| 2024-10-07 23:44:48 [..] Portal starting server ... 
|Portal| 2024-10-08 06:53:47 [EE] Malformed telnet input: ('Stumped', b'\x01')
|Portal| 2024-10-08 06:53:47 [EE] Malformed telnet input: ('Stumped', b'\x8f')
|Portal| 2024-10-08 06:53:47 [EE] Malformed telnet input: ('Stumped', b'\x15')
|Portal| 2024-10-08 06:53:48 [EE] Malformed telnet input: ('Stumped', b'\x01')
|Portal| 2024-10-08 06:53:48 [EE] Malformed telnet input: ('Stumped', b'\x01')
|Portal| 2024-10-08 06:53:48 [EE] Malformed telnet input: ('Stumped', b'\x15')
|Portal| 2024-10-08 17:58:00 [..] Portal starting server ... 
|Portal| 2024-10-08 18:53:24 [..] Portal starting server ... 
|Portal| 2024-10-08 19:48:07 [..] Portal starting server ... 
|Portal| 2024-10-08 20:31:08 [WW] dropping connection to peer tcp4:87.236.176.80:33125 with abort=True: WebSocket opening handshake timeout (peer did not finish the opening handshake in time)
|Portal| 2024-10-08 20:31:23 [WW] dropping connection to peer tcp4:87.236.176.109:49529 with abort=False: None
|Portal| 2024-10-08 21:46:59 [..] Portal starting server ... 
|Portal| 2024-10-08 21:49:03 [..] (TCP Port 4001 Closed)
|Portal| 2024-10-08 21:49:03 [..] (TCP Port 4005 Closed)
|Portal| 2024-10-08 21:49:03 [..] (TCP Port 4000 Closed)
|Portal| 2024-10-08 21:49:03 [..] (TCP Port 4006 Closed)
|Portal| 2024-10-08 21:49:03 [..] Main loop terminated.
|Portal| 2024-10-08 21:49:03 [..] Server Shut Down.
|Portal| 2024-10-08 21:49:08 [..] Loaded.
|Portal| 2024-10-08 21:49:04 [..] Loading /root/cyberpunk/env/lib/python3.12/site-packages/evennia/server/portal/portal.py...
|Portal| 2024-10-08 21:49:08 [..] Loaded.
|Portal| 2024-10-08 21:49:08 [..] twistd 23.10.0 (/root/cyberpunk/env/bin/python3 3.12.3) starting up.
|Portal| 2024-10-08 21:49:08 [..] reactor class: twisted.internet.epollreactor.EPollReactor.
|Portal| 2024-10-08 21:49:08 [..] AMP starting on 4006
|Portal| 2024-10-08 21:49:08 [..] Telnet starting on 4000
|Portal| 2024-10-08 21:49:08 [..] Websocket starting on 4202
|Portal| 2024-10-08 21:49:08 [..] Webserver-proxy starting on 4200
|Portal| 2024-10-08 21:49:08 [..] Portal starting server ... 
|Portal| 2024-10-08 21:50:39 [..] Portal starting server ... 
|Portal| 2024-10-09 06:50:14 [..] Portal starting server ... 
|Portal| 2024-10-09 06:52:33 [..] Portal starting server ... 
|Portal| 2024-10-09 06:53:29 [..] Portal starting server ... 
|Portal| 2024-10-09 06:56:26 [..] Portal starting server ... 
|Portal| 2024-10-09 06:57:47 [..] Portal starting server ... 
|Portal| 2024-10-10 15:05:54 [EE] Malformed telnet input: ('Stumped', b'\x01')
|Portal| 2024-10-10 15:05:55 [EE] Malformed telnet input: ('Stumped', b'\x01')
|Portal| 2024-10-10 15:05:55 [EE] Malformed telnet input: ('Stumped', b'\x15')
|Portal| 2024-10-13 07:49:31 [EE] Malformed telnet input: ('Stumped', b'\xbf')
|Portal| 2024-10-13 13:15:33 [EE] Malformed telnet input: ('Stumped', b'\x01')
|Portal| 2024-10-13 15:33:54 [EE] Malformed telnet input: ('Stumped', b'\x01')
|Portal| 2024-10-14 01:17:24 [EE] Malformed telnet input: ('Stumped', b'\x1a')
